<?xml version="1.0" encoding="UTF-8"?>
<!-- Generated by org.testng.reporters.JUnitXMLReporter -->
<testsuite hostname="LAPTOP-F1663RVI" name="Default test" tests="4" failures="0" timestamp="5 Sep 2020 00:23:02 GMT" time="20.666" errors="0">
  <testcase name="launchWebsite" time="4.424" classname="com.pages.homepage.ValidateLoginTest"/>
  <testcase name="verifyWebsiteLaunch" time="0.147" classname="com.pages.homepage.ValidateLoginTest"/>
  <testcase name="clickonSignIn" time="1.455" classname="com.pages.homepage.ValidateLoginTest"/>
  <testcase name="login" time="5.65" classname="com.pages.homepage.ValidateLoginTest"/>
</testsuite> <!-- Default test -->
